{"/Users/olliethomas/code/CityStasher/src/global/components/Bookings.js": {"path":"/Users/olliethomas/code/CityStasher/src/global/components/Bookings.js","statementMap":{"0":{"start":{"line":1,"column":13},"end":{"line":1,"column":75}},"1":{"start":{"line":1,"column":88},"end":{"line":1,"column":104}},"2":{"start":{"line":1,"column":119},"end":{"line":1,"column":149}},"3":{"start":{"line":1,"column":188},"end":{"line":1,"column":242}},"4":{"start":{"line":1,"column":243},"end":{"line":9,"column":2}},"5":{"start":{"line":4,"column":4},"end":{"line":6,"column":94}}},"fnMap":{"0":{"name":"_interopRequireDefault","decl":{"start":{"line":1,"column":159},"end":{"line":1,"column":181}},"loc":{"start":{"line":1,"column":187},"end":{"line":1,"column":243}},"line":1},"1":{"name":"(anonymous_1)","decl":{"start":{"line":3,"column":0},"end":{"line":3,"column":1}},"loc":{"start":{"line":3,"column":12},"end":{"line":9,"column":1}},"line":3}},"branchMap":{"0":{"loc":{"start":{"line":1,"column":195},"end":{"line":1,"column":241}},"type":"cond-expr","locations":[{"start":{"line":1,"column":219},"end":{"line":1,"column":222}},{"start":{"line":1,"column":225},"end":{"line":1,"column":241}}],"line":1},"1":{"loc":{"start":{"line":1,"column":195},"end":{"line":1,"column":216}},"type":"binary-expr","locations":[{"start":{"line":1,"column":195},"end":{"line":1,"column":198}},{"start":{"line":1,"column":202},"end":{"line":1,"column":216}}],"line":1}},"s":{"0":0,"1":0,"2":0,"3":0,"4":0,"5":0},"f":{"0":0,"1":0},"b":{"0":[0,0],"1":[0,0]}}
,"/Users/olliethomas/code/CityStasher/src/global/components/Customers.js": {"path":"/Users/olliethomas/code/CityStasher/src/global/components/Customers.js","statementMap":{"0":{"start":{"line":1,"column":13},"end":{"line":1,"column":75}},"1":{"start":{"line":1,"column":88},"end":{"line":1,"column":104}},"2":{"start":{"line":1,"column":119},"end":{"line":1,"column":149}},"3":{"start":{"line":1,"column":188},"end":{"line":1,"column":242}},"4":{"start":{"line":1,"column":243},"end":{"line":9,"column":2}},"5":{"start":{"line":4,"column":4},"end":{"line":6,"column":95}}},"fnMap":{"0":{"name":"_interopRequireDefault","decl":{"start":{"line":1,"column":159},"end":{"line":1,"column":181}},"loc":{"start":{"line":1,"column":187},"end":{"line":1,"column":243}},"line":1},"1":{"name":"(anonymous_1)","decl":{"start":{"line":3,"column":0},"end":{"line":3,"column":1}},"loc":{"start":{"line":3,"column":12},"end":{"line":9,"column":1}},"line":3}},"branchMap":{"0":{"loc":{"start":{"line":1,"column":195},"end":{"line":1,"column":241}},"type":"cond-expr","locations":[{"start":{"line":1,"column":219},"end":{"line":1,"column":222}},{"start":{"line":1,"column":225},"end":{"line":1,"column":241}}],"line":1},"1":{"loc":{"start":{"line":1,"column":195},"end":{"line":1,"column":216}},"type":"binary-expr","locations":[{"start":{"line":1,"column":195},"end":{"line":1,"column":198}},{"start":{"line":1,"column":202},"end":{"line":1,"column":216}}],"line":1}},"s":{"0":0,"1":0,"2":0,"3":0,"4":0,"5":0},"f":{"0":0,"1":0},"b":{"0":[0,0],"1":[0,0]}}
,"/Users/olliethomas/code/CityStasher/src/global/components/Header.js": {"path":"/Users/olliethomas/code/CityStasher/src/global/components/Header.js","statementMap":{"0":{"start":{"line":1,"column":13},"end":{"line":1,"column":75}},"1":{"start":{"line":1,"column":94},"end":{"line":1,"column":623}},"2":{"start":{"line":1,"column":149},"end":{"line":1,"column":414}},"3":{"start":{"line":1,"column":206},"end":{"line":1,"column":214}},"4":{"start":{"line":1,"column":215},"end":{"line":1,"column":270}},"5":{"start":{"line":1,"column":270},"end":{"line":1,"column":301}},"6":{"start":{"line":1,"column":301},"end":{"line":1,"column":355}},"7":{"start":{"line":1,"column":328},"end":{"line":1,"column":355}},"8":{"start":{"line":1,"column":355},"end":{"line":1,"column":413}},"9":{"start":{"line":1,"column":415},"end":{"line":1,"column":620}},"10":{"start":{"line":1,"column":471},"end":{"line":1,"column":539}},"11":{"start":{"line":1,"column":487},"end":{"line":1,"column":539}},"12":{"start":{"line":1,"column":539},"end":{"line":1,"column":599}},"13":{"start":{"line":1,"column":556},"end":{"line":1,"column":599}},"14":{"start":{"line":1,"column":599},"end":{"line":1,"column":618}},"15":{"start":{"line":1,"column":637},"end":{"line":1,"column":653}},"16":{"start":{"line":1,"column":668},"end":{"line":1,"column":698}},"17":{"start":{"line":2,"column":22},"end":{"line":2,"column":49}},"18":{"start":{"line":4,"column":17},"end":{"line":4,"column":61}},"19":{"start":{"line":4,"column":80},"end":{"line":4,"column":114}},"20":{"start":{"line":4,"column":153},"end":{"line":4,"column":207}},"21":{"start":{"line":4,"column":257},"end":{"line":4,"column":356}},"22":{"start":{"line":4,"column":298},"end":{"line":4,"column":355}},"23":{"start":{"line":4,"column":406},"end":{"line":4,"column":505}},"24":{"start":{"line":4,"column":418},"end":{"line":4,"column":504}},"25":{"start":{"line":4,"column":505},"end":{"line":4,"column":591}},"26":{"start":{"line":4,"column":634},"end":{"line":4,"column":797}},"27":{"start":{"line":4,"column":696},"end":{"line":4,"column":796}},"28":{"start":{"line":4,"column":797},"end":{"line":4,"column":961}},"29":{"start":{"line":4,"column":961},"end":{"line":4,"column":1079}},"30":{"start":{"line":4,"column":977},"end":{"line":4,"column":1079}},"31":{"start":{"line":6,"column":9},"end":{"line":37,"column":47}},"32":{"start":{"line":6,"column":32},"end":{"line":6,"column":62}},"33":{"start":{"line":6,"column":81},"end":{"line":6,"column":111}},"34":{"start":{"line":6,"column":111},"end":{"line":6,"column":227}},"35":{"start":{"line":6,"column":228},"end":{"line":37,"column":14}},"36":{"start":{"line":8,"column":12},"end":{"line":29,"column":151}},"37":{"start":{"line":37,"column":14},"end":{"line":37,"column":28}},"38":{"start":{"line":37,"column":48},"end":{"line":37,"column":73}}},"fnMap":{"0":{"name":"(anonymous_0)","decl":{"start":{"line":1,"column":94},"end":{"line":1,"column":95}},"loc":{"start":{"line":1,"column":106},"end":{"line":1,"column":621}},"line":1},"1":{"name":"defineProperties","decl":{"start":{"line":1,"column":116},"end":{"line":1,"column":132}},"loc":{"start":{"line":1,"column":148},"end":{"line":1,"column":415}},"line":1},"2":{"name":"(anonymous_2)","decl":{"start":{"line":1,"column":422},"end":{"line":1,"column":423}},"loc":{"start":{"line":1,"column":470},"end":{"line":1,"column":619}},"line":1},"3":{"name":"_interopRequireDefault","decl":{"start":{"line":4,"column":124},"end":{"line":4,"column":146}},"loc":{"start":{"line":4,"column":152},"end":{"line":4,"column":208}},"line":4},"4":{"name":"_classCallCheck","decl":{"start":{"line":4,"column":217},"end":{"line":4,"column":232}},"loc":{"start":{"line":4,"column":256},"end":{"line":4,"column":357}},"line":4},"5":{"name":"_possibleConstructorReturn","decl":{"start":{"line":4,"column":366},"end":{"line":4,"column":392}},"loc":{"start":{"line":4,"column":405},"end":{"line":4,"column":592}},"line":4},"6":{"name":"_inherits","decl":{"start":{"line":4,"column":601},"end":{"line":4,"column":610}},"loc":{"start":{"line":4,"column":633},"end":{"line":4,"column":1080}},"line":4},"7":{"name":"(anonymous_7)","decl":{"start":{"line":6,"column":9},"end":{"line":6,"column":10}},"loc":{"start":{"line":6,"column":31},"end":{"line":37,"column":29}},"line":6},"8":{"name":"Header","decl":{"start":{"line":6,"column":71},"end":{"line":6,"column":77}},"loc":{"start":{"line":6,"column":80},"end":{"line":6,"column":228}},"line":6},"9":{"name":"render","decl":{"start":{"line":6,"column":283},"end":{"line":6,"column":289}},"loc":{"start":{"line":7,"column":8},"end":{"line":37,"column":9}},"line":7}},"branchMap":{"0":{"loc":{"start":{"line":1,"column":239},"end":{"line":1,"column":269}},"type":"binary-expr","locations":[{"start":{"line":1,"column":239},"end":{"line":1,"column":260}},{"start":{"line":1,"column":264},"end":{"line":1,"column":269}}],"line":1},"1":{"loc":{"start":{"line":1,"column":301},"end":{"line":1,"column":355}},"type":"if","locations":[{"start":{"line":1,"column":301},"end":{"line":1,"column":355}},{"start":{"line":1,"column":301},"end":{"line":1,"column":355}}],"line":1},"2":{"loc":{"start":{"line":1,"column":471},"end":{"line":1,"column":539}},"type":"if","locations":[{"start":{"line":1,"column":471},"end":{"line":1,"column":539}},{"start":{"line":1,"column":471},"end":{"line":1,"column":539}}],"line":1},"3":{"loc":{"start":{"line":1,"column":539},"end":{"line":1,"column":599}},"type":"if","locations":[{"start":{"line":1,"column":539},"end":{"line":1,"column":599}},{"start":{"line":1,"column":539},"end":{"line":1,"column":599}}],"line":1},"4":{"loc":{"start":{"line":4,"column":160},"end":{"line":4,"column":206}},"type":"cond-expr","locations":[{"start":{"line":4,"column":184},"end":{"line":4,"column":187}},{"start":{"line":4,"column":190},"end":{"line":4,"column":206}}],"line":4},"5":{"loc":{"start":{"line":4,"column":160},"end":{"line":4,"column":181}},"type":"binary-expr","locations":[{"start":{"line":4,"column":160},"end":{"line":4,"column":163}},{"start":{"line":4,"column":167},"end":{"line":4,"column":181}}],"line":4},"6":{"loc":{"start":{"line":4,"column":257},"end":{"line":4,"column":356}},"type":"if","locations":[{"start":{"line":4,"column":257},"end":{"line":4,"column":356}},{"start":{"line":4,"column":257},"end":{"line":4,"column":356}}],"line":4},"7":{"loc":{"start":{"line":4,"column":406},"end":{"line":4,"column":505}},"type":"if","locations":[{"start":{"line":4,"column":406},"end":{"line":4,"column":505}},{"start":{"line":4,"column":406},"end":{"line":4,"column":505}}],"line":4},"8":{"loc":{"start":{"line":4,"column":512},"end":{"line":4,"column":590}},"type":"cond-expr","locations":[{"start":{"line":4,"column":579},"end":{"line":4,"column":583}},{"start":{"line":4,"column":586},"end":{"line":4,"column":590}}],"line":4},"9":{"loc":{"start":{"line":4,"column":512},"end":{"line":4,"column":576}},"type":"binary-expr","locations":[{"start":{"line":4,"column":512},"end":{"line":4,"column":516}},{"start":{"line":4,"column":521},"end":{"line":4,"column":545}},{"start":{"line":4,"column":549},"end":{"line":4,"column":575}}],"line":4},"10":{"loc":{"start":{"line":4,"column":634},"end":{"line":4,"column":797}},"type":"if","locations":[{"start":{"line":4,"column":634},"end":{"line":4,"column":797}},{"start":{"line":4,"column":634},"end":{"line":4,"column":797}}],"line":4},"11":{"loc":{"start":{"line":4,"column":638},"end":{"line":4,"column":693}},"type":"binary-expr","locations":[{"start":{"line":4,"column":638},"end":{"line":4,"column":670}},{"start":{"line":4,"column":674},"end":{"line":4,"column":693}}],"line":4},"12":{"loc":{"start":{"line":4,"column":832},"end":{"line":4,"column":866}},"type":"binary-expr","locations":[{"start":{"line":4,"column":832},"end":{"line":4,"column":842}},{"start":{"line":4,"column":846},"end":{"line":4,"column":866}}],"line":4},"13":{"loc":{"start":{"line":4,"column":961},"end":{"line":4,"column":1079}},"type":"if","locations":[{"start":{"line":4,"column":961},"end":{"line":4,"column":1079}},{"start":{"line":4,"column":961},"end":{"line":4,"column":1079}}],"line":4},"14":{"loc":{"start":{"line":4,"column":977},"end":{"line":4,"column":1078}},"type":"cond-expr","locations":[{"start":{"line":4,"column":1001},"end":{"line":4,"column":1044}},{"start":{"line":4,"column":1047},"end":{"line":4,"column":1078}}],"line":4},"15":{"loc":{"start":{"line":6,"column":152},"end":{"line":6,"column":201}},"type":"binary-expr","locations":[{"start":{"line":6,"column":152},"end":{"line":6,"column":168}},{"start":{"line":6,"column":172},"end":{"line":6,"column":201}}],"line":6}},"s":{"0":0,"1":0,"2":0,"3":0,"4":0,"5":0,"6":0,"7":0,"8":0,"9":0,"10":0,"11":0,"12":0,"13":0,"14":0,"15":0,"16":0,"17":0,"18":0,"19":0,"20":0,"21":0,"22":0,"23":0,"24":0,"25":0,"26":0,"27":0,"28":0,"29":0,"30":0,"31":0,"32":0,"33":0,"34":0,"35":0,"36":0,"37":0,"38":0},"f":{"0":0,"1":0,"2":0,"3":0,"4":0,"5":0,"6":0,"7":0,"8":0,"9":0},"b":{"0":[0,0],"1":[0,0],"2":[0,0],"3":[0,0],"4":[0,0],"5":[0,0],"6":[0,0],"7":[0,0],"8":[0,0],"9":[0,0,0],"10":[0,0],"11":[0,0],"12":[0,0],"13":[0,0],"14":[0,0],"15":[0,0]}}
,"/Users/olliethomas/code/CityStasher/src/global/components/Supplies.js": {"path":"/Users/olliethomas/code/CityStasher/src/global/components/Supplies.js","statementMap":{"0":{"start":{"line":1,"column":13},"end":{"line":1,"column":75}},"1":{"start":{"line":1,"column":88},"end":{"line":1,"column":104}},"2":{"start":{"line":1,"column":119},"end":{"line":1,"column":149}},"3":{"start":{"line":1,"column":188},"end":{"line":1,"column":242}},"4":{"start":{"line":1,"column":243},"end":{"line":9,"column":2}},"5":{"start":{"line":4,"column":4},"end":{"line":6,"column":94}}},"fnMap":{"0":{"name":"_interopRequireDefault","decl":{"start":{"line":1,"column":159},"end":{"line":1,"column":181}},"loc":{"start":{"line":1,"column":187},"end":{"line":1,"column":243}},"line":1},"1":{"name":"(anonymous_1)","decl":{"start":{"line":3,"column":0},"end":{"line":3,"column":1}},"loc":{"start":{"line":3,"column":12},"end":{"line":9,"column":1}},"line":3}},"branchMap":{"0":{"loc":{"start":{"line":1,"column":195},"end":{"line":1,"column":241}},"type":"cond-expr","locations":[{"start":{"line":1,"column":219},"end":{"line":1,"column":222}},{"start":{"line":1,"column":225},"end":{"line":1,"column":241}}],"line":1},"1":{"loc":{"start":{"line":1,"column":195},"end":{"line":1,"column":216}},"type":"binary-expr","locations":[{"start":{"line":1,"column":195},"end":{"line":1,"column":198}},{"start":{"line":1,"column":202},"end":{"line":1,"column":216}}],"line":1}},"s":{"0":0,"1":0,"2":0,"3":0,"4":0,"5":0},"f":{"0":0,"1":0},"b":{"0":[0,0],"1":[0,0]}}
,"/Users/olliethomas/code/CityStasher/src/stashpoints/types.js": {"path":"/Users/olliethomas/code/CityStasher/src/stashpoints/types.js","statementMap":{"0":{"start":{"line":1,"column":13},"end":{"line":1,"column":75}},"1":{"start":{"line":1,"column":102},"end":{"line":1,"column":155}},"2":{"start":{"line":2,"column":34},"end":{"line":2,"column":101}}},"fnMap":{},"branchMap":{},"s":{"0":0,"1":0,"2":0},"f":{},"b":{}}
,"/Users/olliethomas/code/CityStasher/src/stashpoints/actions/index.js": {"path":"/Users/olliethomas/code/CityStasher/src/stashpoints/actions/index.js","statementMap":{"0":{"start":{"line":1,"column":13},"end":{"line":1,"column":75}},"1":{"start":{"line":1,"column":75},"end":{"line":1,"column":178}},"2":{"start":{"line":1,"column":191},"end":{"line":1,"column":207}},"3":{"start":{"line":1,"column":222},"end":{"line":1,"column":252}},"4":{"start":{"line":3,"column":13},"end":{"line":3,"column":32}},"5":{"start":{"line":3,"column":71},"end":{"line":3,"column":125}},"6":{"start":{"line":5,"column":23},"end":{"line":9,"column":7}},"7":{"start":{"line":5,"column":79},"end":{"line":9,"column":6}},"8":{"start":{"line":6,"column":8},"end":{"line":8,"column":76}},"9":{"start":{"line":8,"column":30},"end":{"line":8,"column":73}},"10":{"start":{"line":11,"column":26},"end":{"line":16,"column":7}},"11":{"start":{"line":11,"column":99},"end":{"line":16,"column":6}},"12":{"start":{"line":12,"column":8},"end":{"line":14,"column":36}},"13":{"start":{"line":18,"column":32},"end":{"line":27,"column":7}},"14":{"start":{"line":18,"column":117},"end":{"line":18,"column":187}},"15":{"start":{"line":18,"column":188},"end":{"line":27,"column":6}},"16":{"start":{"line":19,"column":8},"end":{"line":19,"column":18}},"17":{"start":{"line":19,"column":33},"end":{"line":19,"column":54}},"18":{"start":{"line":20,"column":8},"end":{"line":24,"column":46}}},"fnMap":{"0":{"name":"_interopRequireDefault","decl":{"start":{"line":3,"column":42},"end":{"line":3,"column":64}},"loc":{"start":{"line":3,"column":70},"end":{"line":3,"column":126}},"line":3},"1":{"name":"fetchStashPoints","decl":{"start":{"line":5,"column":59},"end":{"line":5,"column":75}},"loc":{"start":{"line":5,"column":78},"end":{"line":9,"column":7}},"line":5},"2":{"name":"(anonymous_2)","decl":{"start":{"line":5,"column":86},"end":{"line":5,"column":87}},"loc":{"start":{"line":5,"column":106},"end":{"line":9,"column":5}},"line":5},"3":{"name":"(anonymous_3)","decl":{"start":{"line":8,"column":13},"end":{"line":8,"column":14}},"loc":{"start":{"line":8,"column":29},"end":{"line":8,"column":74}},"line":8},"4":{"name":"receivedStashPoints","decl":{"start":{"line":11,"column":65},"end":{"line":11,"column":84}},"loc":{"start":{"line":11,"column":98},"end":{"line":16,"column":7}},"line":11},"5":{"name":"(anonymous_5)","decl":{"start":{"line":11,"column":106},"end":{"line":11,"column":107}},"loc":{"start":{"line":11,"column":136},"end":{"line":16,"column":5}},"line":11},"6":{"name":"updateFilteredStashpoints","decl":{"start":{"line":18,"column":77},"end":{"line":18,"column":102}},"loc":{"start":{"line":18,"column":105},"end":{"line":27,"column":7}},"line":18},"7":{"name":"(anonymous_7)","decl":{"start":{"line":18,"column":195},"end":{"line":18,"column":196}},"loc":{"start":{"line":18,"column":225},"end":{"line":27,"column":5}},"line":18}},"branchMap":{"0":{"loc":{"start":{"line":3,"column":78},"end":{"line":3,"column":124}},"type":"cond-expr","locations":[{"start":{"line":3,"column":102},"end":{"line":3,"column":105}},{"start":{"line":3,"column":108},"end":{"line":3,"column":124}}],"line":3},"1":{"loc":{"start":{"line":3,"column":78},"end":{"line":3,"column":99}},"type":"binary-expr","locations":[{"start":{"line":3,"column":78},"end":{"line":3,"column":81}},{"start":{"line":3,"column":85},"end":{"line":3,"column":99}}],"line":3},"2":{"loc":{"start":{"line":18,"column":117},"end":{"line":18,"column":187}},"type":"cond-expr","locations":[{"start":{"line":18,"column":170},"end":{"line":18,"column":182}},{"start":{"line":18,"column":185},"end":{"line":18,"column":187}}],"line":18},"3":{"loc":{"start":{"line":18,"column":117},"end":{"line":18,"column":167}},"type":"binary-expr","locations":[{"start":{"line":18,"column":117},"end":{"line":18,"column":137}},{"start":{"line":18,"column":141},"end":{"line":18,"column":167}}],"line":18}},"s":{"0":0,"1":0,"2":0,"3":0,"4":0,"5":0,"6":0,"7":0,"8":0,"9":0,"10":0,"11":0,"12":0,"13":0,"14":0,"15":0,"16":0,"17":0,"18":0},"f":{"0":0,"1":0,"2":0,"3":0,"4":0,"5":0,"6":0,"7":0},"b":{"0":[0,0],"1":[0,0],"2":[0,0],"3":[0,0]}}
,"/Users/olliethomas/code/CityStasher/src/stashpoints/components/StashpointDetails.js": {"path":"/Users/olliethomas/code/CityStasher/src/stashpoints/components/StashpointDetails.js","statementMap":{"0":{"start":{"line":1,"column":13},"end":{"line":1,"column":75}},"1":{"start":{"line":1,"column":88},"end":{"line":1,"column":104}},"2":{"start":{"line":1,"column":119},"end":{"line":1,"column":149}},"3":{"start":{"line":1,"column":188},"end":{"line":1,"column":242}},"4":{"start":{"line":1,"column":243},"end":{"line":27,"column":2}},"5":{"start":{"line":3,"column":34},"end":{"line":3,"column":49}},"6":{"start":{"line":4,"column":4},"end":{"line":24,"column":106}}},"fnMap":{"0":{"name":"_interopRequireDefault","decl":{"start":{"line":1,"column":159},"end":{"line":1,"column":181}},"loc":{"start":{"line":1,"column":187},"end":{"line":1,"column":243}},"line":1},"1":{"name":"(anonymous_1)","decl":{"start":{"line":3,"column":0},"end":{"line":3,"column":1}},"loc":{"start":{"line":3,"column":16},"end":{"line":27,"column":1}},"line":3}},"branchMap":{"0":{"loc":{"start":{"line":1,"column":195},"end":{"line":1,"column":241}},"type":"cond-expr","locations":[{"start":{"line":1,"column":219},"end":{"line":1,"column":222}},{"start":{"line":1,"column":225},"end":{"line":1,"column":241}}],"line":1},"1":{"loc":{"start":{"line":1,"column":195},"end":{"line":1,"column":216}},"type":"binary-expr","locations":[{"start":{"line":1,"column":195},"end":{"line":1,"column":198}},{"start":{"line":1,"column":202},"end":{"line":1,"column":216}}],"line":1}},"s":{"0":0,"1":0,"2":0,"3":0,"4":0,"5":0,"6":0},"f":{"0":0,"1":0},"b":{"0":[0,0],"1":[0,0]}}
,"/Users/olliethomas/code/CityStasher/src/stashpoints/components/StashpointListItem.js": {"path":"/Users/olliethomas/code/CityStasher/src/stashpoints/components/StashpointListItem.js","statementMap":{"0":{"start":{"line":1,"column":13},"end":{"line":1,"column":75}},"1":{"start":{"line":1,"column":88},"end":{"line":1,"column":104}},"2":{"start":{"line":1,"column":119},"end":{"line":1,"column":149}},"3":{"start":{"line":1,"column":188},"end":{"line":1,"column":242}},"4":{"start":{"line":1,"column":243},"end":{"line":9,"column":2}},"5":{"start":{"line":3,"column":34},"end":{"line":3,"column":49}},"6":{"start":{"line":4,"column":4},"end":{"line":6,"column":39}}},"fnMap":{"0":{"name":"_interopRequireDefault","decl":{"start":{"line":1,"column":159},"end":{"line":1,"column":181}},"loc":{"start":{"line":1,"column":187},"end":{"line":1,"column":243}},"line":1},"1":{"name":"(anonymous_1)","decl":{"start":{"line":3,"column":0},"end":{"line":3,"column":1}},"loc":{"start":{"line":3,"column":16},"end":{"line":9,"column":1}},"line":3}},"branchMap":{"0":{"loc":{"start":{"line":1,"column":195},"end":{"line":1,"column":241}},"type":"cond-expr","locations":[{"start":{"line":1,"column":219},"end":{"line":1,"column":222}},{"start":{"line":1,"column":225},"end":{"line":1,"column":241}}],"line":1},"1":{"loc":{"start":{"line":1,"column":195},"end":{"line":1,"column":216}},"type":"binary-expr","locations":[{"start":{"line":1,"column":195},"end":{"line":1,"column":198}},{"start":{"line":1,"column":202},"end":{"line":1,"column":216}}],"line":1}},"s":{"0":0,"1":0,"2":0,"3":0,"4":0,"5":0,"6":0},"f":{"0":0,"1":0},"b":{"0":[0,0],"1":[0,0]}}
,"/Users/olliethomas/code/CityStasher/src/stashpoints/components/Stashpoints.js": {"path":"/Users/olliethomas/code/CityStasher/src/stashpoints/components/Stashpoints.js","statementMap":{"0":{"start":{"line":1,"column":13},"end":{"line":1,"column":75}},"1":{"start":{"line":1,"column":94},"end":{"line":1,"column":623}},"2":{"start":{"line":1,"column":149},"end":{"line":1,"column":414}},"3":{"start":{"line":1,"column":206},"end":{"line":1,"column":214}},"4":{"start":{"line":1,"column":215},"end":{"line":1,"column":270}},"5":{"start":{"line":1,"column":270},"end":{"line":1,"column":301}},"6":{"start":{"line":1,"column":301},"end":{"line":1,"column":355}},"7":{"start":{"line":1,"column":328},"end":{"line":1,"column":355}},"8":{"start":{"line":1,"column":355},"end":{"line":1,"column":413}},"9":{"start":{"line":1,"column":415},"end":{"line":1,"column":620}},"10":{"start":{"line":1,"column":471},"end":{"line":1,"column":539}},"11":{"start":{"line":1,"column":487},"end":{"line":1,"column":539}},"12":{"start":{"line":1,"column":539},"end":{"line":1,"column":599}},"13":{"start":{"line":1,"column":556},"end":{"line":1,"column":599}},"14":{"start":{"line":1,"column":599},"end":{"line":1,"column":618}},"15":{"start":{"line":1,"column":637},"end":{"line":1,"column":653}},"16":{"start":{"line":1,"column":668},"end":{"line":1,"column":698}},"17":{"start":{"line":2,"column":18},"end":{"line":2,"column":40}},"18":{"start":{"line":3,"column":22},"end":{"line":3,"column":49}},"19":{"start":{"line":5,"column":15},"end":{"line":5,"column":36}},"20":{"start":{"line":7,"column":23},"end":{"line":7,"column":51}},"21":{"start":{"line":7,"column":76},"end":{"line":7,"column":116}},"22":{"start":{"line":8,"column":22},"end":{"line":8,"column":49}},"23":{"start":{"line":9,"column":25},"end":{"line":9,"column":55}},"24":{"start":{"line":9,"column":82},"end":{"line":9,"column":124}},"25":{"start":{"line":9,"column":163},"end":{"line":9,"column":217}},"26":{"start":{"line":9,"column":267},"end":{"line":9,"column":366}},"27":{"start":{"line":9,"column":308},"end":{"line":9,"column":365}},"28":{"start":{"line":9,"column":416},"end":{"line":9,"column":515}},"29":{"start":{"line":9,"column":428},"end":{"line":9,"column":514}},"30":{"start":{"line":9,"column":515},"end":{"line":9,"column":601}},"31":{"start":{"line":9,"column":644},"end":{"line":9,"column":807}},"32":{"start":{"line":9,"column":706},"end":{"line":9,"column":806}},"33":{"start":{"line":9,"column":807},"end":{"line":9,"column":971}},"34":{"start":{"line":9,"column":971},"end":{"line":9,"column":1089}},"35":{"start":{"line":9,"column":987},"end":{"line":9,"column":1089}},"36":{"start":{"line":11,"column":14},"end":{"line":67,"column":52}},"37":{"start":{"line":11,"column":37},"end":{"line":11,"column":72}},"38":{"start":{"line":12,"column":28},"end":{"line":12,"column":63}},"39":{"start":{"line":12,"column":75},"end":{"line":12,"column":181}},"40":{"start":{"line":15,"column":8},"end":{"line":17,"column":33}},"41":{"start":{"line":20,"column":8},"end":{"line":20,"column":62}},"42":{"start":{"line":21,"column":8},"end":{"line":21,"column":68}},"43":{"start":{"line":21,"column":68},"end":{"line":21,"column":81}},"44":{"start":{"line":22,"column":5},"end":{"line":67,"column":14}},"45":{"start":{"line":24,"column":22},"end":{"line":24,"column":26}},"46":{"start":{"line":25,"column":12},"end":{"line":27,"column":15}},"47":{"start":{"line":26,"column":16},"end":{"line":26,"column":57}},"48":{"start":{"line":31,"column":12},"end":{"line":31,"column":76}},"49":{"start":{"line":35,"column":12},"end":{"line":36,"column":46}},"50":{"start":{"line":41,"column":12},"end":{"line":60,"column":77}},"51":{"start":{"line":67,"column":14},"end":{"line":67,"column":33}},"52":{"start":{"line":70,"column":22},"end":{"line":71,"column":56}},"53":{"start":{"line":70,"column":55},"end":{"line":71,"column":55}},"54":{"start":{"line":74,"column":25},"end":{"line":76,"column":67}},"55":{"start":{"line":76,"column":68},"end":{"line":79,"column":75}}},"fnMap":{"0":{"name":"(anonymous_0)","decl":{"start":{"line":1,"column":94},"end":{"line":1,"column":95}},"loc":{"start":{"line":1,"column":106},"end":{"line":1,"column":621}},"line":1},"1":{"name":"defineProperties","decl":{"start":{"line":1,"column":116},"end":{"line":1,"column":132}},"loc":{"start":{"line":1,"column":148},"end":{"line":1,"column":415}},"line":1},"2":{"name":"(anonymous_2)","decl":{"start":{"line":1,"column":422},"end":{"line":1,"column":423}},"loc":{"start":{"line":1,"column":470},"end":{"line":1,"column":619}},"line":1},"3":{"name":"_interopRequireDefault","decl":{"start":{"line":9,"column":134},"end":{"line":9,"column":156}},"loc":{"start":{"line":9,"column":162},"end":{"line":9,"column":218}},"line":9},"4":{"name":"_classCallCheck","decl":{"start":{"line":9,"column":227},"end":{"line":9,"column":242}},"loc":{"start":{"line":9,"column":266},"end":{"line":9,"column":367}},"line":9},"5":{"name":"_possibleConstructorReturn","decl":{"start":{"line":9,"column":376},"end":{"line":9,"column":402}},"loc":{"start":{"line":9,"column":415},"end":{"line":9,"column":602}},"line":9},"6":{"name":"_inherits","decl":{"start":{"line":9,"column":611},"end":{"line":9,"column":620}},"loc":{"start":{"line":9,"column":643},"end":{"line":9,"column":1090}},"line":9},"7":{"name":"(anonymous_7)","decl":{"start":{"line":11,"column":14},"end":{"line":11,"column":15}},"loc":{"start":{"line":11,"column":36},"end":{"line":67,"column":34}},"line":11},"8":{"name":"Stashpoints","decl":{"start":{"line":12,"column":13},"end":{"line":12,"column":24}},"loc":{"start":{"line":12,"column":27},"end":{"line":22,"column":5}},"line":12},"9":{"name":"componentDidMount","decl":{"start":{"line":22,"column":76},"end":{"line":22,"column":93}},"loc":{"start":{"line":24,"column":8},"end":{"line":28,"column":9}},"line":24},"10":{"name":"(anonymous_10)","decl":{"start":{"line":25,"column":47},"end":{"line":25,"column":48}},"loc":{"start":{"line":25,"column":59},"end":{"line":27,"column":13}},"line":25},"11":{"name":"updateSearchTerm","decl":{"start":{"line":28,"column":56},"end":{"line":28,"column":72}},"loc":{"start":{"line":30,"column":15},"end":{"line":32,"column":9}},"line":30},"12":{"name":"handleOnClick","decl":{"start":{"line":32,"column":53},"end":{"line":32,"column":66}},"loc":{"start":{"line":34,"column":27},"end":{"line":38,"column":9}},"line":34},"13":{"name":"render","decl":{"start":{"line":38,"column":46},"end":{"line":38,"column":52}},"loc":{"start":{"line":40,"column":8},"end":{"line":67,"column":9}},"line":40},"14":{"name":"mapStateToProps","decl":{"start":{"line":70,"column":31},"end":{"line":70,"column":46}},"loc":{"start":{"line":70,"column":54},"end":{"line":71,"column":56}},"line":70}},"branchMap":{"0":{"loc":{"start":{"line":1,"column":239},"end":{"line":1,"column":269}},"type":"binary-expr","locations":[{"start":{"line":1,"column":239},"end":{"line":1,"column":260}},{"start":{"line":1,"column":264},"end":{"line":1,"column":269}}],"line":1},"1":{"loc":{"start":{"line":1,"column":301},"end":{"line":1,"column":355}},"type":"if","locations":[{"start":{"line":1,"column":301},"end":{"line":1,"column":355}},{"start":{"line":1,"column":301},"end":{"line":1,"column":355}}],"line":1},"2":{"loc":{"start":{"line":1,"column":471},"end":{"line":1,"column":539}},"type":"if","locations":[{"start":{"line":1,"column":471},"end":{"line":1,"column":539}},{"start":{"line":1,"column":471},"end":{"line":1,"column":539}}],"line":1},"3":{"loc":{"start":{"line":1,"column":539},"end":{"line":1,"column":599}},"type":"if","locations":[{"start":{"line":1,"column":539},"end":{"line":1,"column":599}},{"start":{"line":1,"column":539},"end":{"line":1,"column":599}}],"line":1},"4":{"loc":{"start":{"line":9,"column":170},"end":{"line":9,"column":216}},"type":"cond-expr","locations":[{"start":{"line":9,"column":194},"end":{"line":9,"column":197}},{"start":{"line":9,"column":200},"end":{"line":9,"column":216}}],"line":9},"5":{"loc":{"start":{"line":9,"column":170},"end":{"line":9,"column":191}},"type":"binary-expr","locations":[{"start":{"line":9,"column":170},"end":{"line":9,"column":173}},{"start":{"line":9,"column":177},"end":{"line":9,"column":191}}],"line":9},"6":{"loc":{"start":{"line":9,"column":267},"end":{"line":9,"column":366}},"type":"if","locations":[{"start":{"line":9,"column":267},"end":{"line":9,"column":366}},{"start":{"line":9,"column":267},"end":{"line":9,"column":366}}],"line":9},"7":{"loc":{"start":{"line":9,"column":416},"end":{"line":9,"column":515}},"type":"if","locations":[{"start":{"line":9,"column":416},"end":{"line":9,"column":515}},{"start":{"line":9,"column":416},"end":{"line":9,"column":515}}],"line":9},"8":{"loc":{"start":{"line":9,"column":522},"end":{"line":9,"column":600}},"type":"cond-expr","locations":[{"start":{"line":9,"column":589},"end":{"line":9,"column":593}},{"start":{"line":9,"column":596},"end":{"line":9,"column":600}}],"line":9},"9":{"loc":{"start":{"line":9,"column":522},"end":{"line":9,"column":586}},"type":"binary-expr","locations":[{"start":{"line":9,"column":522},"end":{"line":9,"column":526}},{"start":{"line":9,"column":531},"end":{"line":9,"column":555}},{"start":{"line":9,"column":559},"end":{"line":9,"column":585}}],"line":9},"10":{"loc":{"start":{"line":9,"column":644},"end":{"line":9,"column":807}},"type":"if","locations":[{"start":{"line":9,"column":644},"end":{"line":9,"column":807}},{"start":{"line":9,"column":644},"end":{"line":9,"column":807}}],"line":9},"11":{"loc":{"start":{"line":9,"column":648},"end":{"line":9,"column":703}},"type":"binary-expr","locations":[{"start":{"line":9,"column":648},"end":{"line":9,"column":680}},{"start":{"line":9,"column":684},"end":{"line":9,"column":703}}],"line":9},"12":{"loc":{"start":{"line":9,"column":842},"end":{"line":9,"column":876}},"type":"binary-expr","locations":[{"start":{"line":9,"column":842},"end":{"line":9,"column":852}},{"start":{"line":9,"column":856},"end":{"line":9,"column":876}}],"line":9},"13":{"loc":{"start":{"line":9,"column":971},"end":{"line":9,"column":1089}},"type":"if","locations":[{"start":{"line":9,"column":971},"end":{"line":9,"column":1089}},{"start":{"line":9,"column":971},"end":{"line":9,"column":1089}}],"line":9},"14":{"loc":{"start":{"line":9,"column":987},"end":{"line":9,"column":1088}},"type":"cond-expr","locations":[{"start":{"line":9,"column":1011},"end":{"line":9,"column":1054}},{"start":{"line":9,"column":1057},"end":{"line":9,"column":1088}}],"line":9},"15":{"loc":{"start":{"line":12,"column":109},"end":{"line":12,"column":168}},"type":"binary-expr","locations":[{"start":{"line":12,"column":109},"end":{"line":12,"column":130}},{"start":{"line":12,"column":134},"end":{"line":12,"column":168}}],"line":12},"16":{"loc":{"start":{"line":56,"column":28},"end":{"line":60,"column":72}},"type":"cond-expr","locations":[{"start":{"line":57,"column":28},"end":{"line":57,"column":104}},{"start":{"line":59,"column":28},"end":{"line":60,"column":72}}],"line":56},"17":{"loc":{"start":{"line":71,"column":21},"end":{"line":71,"column":52}},"type":"binary-expr","locations":[{"start":{"line":71,"column":21},"end":{"line":71,"column":46}},{"start":{"line":71,"column":50},"end":{"line":71,"column":52}}],"line":71}},"s":{"0":0,"1":0,"2":0,"3":0,"4":0,"5":0,"6":0,"7":0,"8":0,"9":0,"10":0,"11":0,"12":0,"13":0,"14":0,"15":0,"16":0,"17":0,"18":0,"19":0,"20":0,"21":0,"22":0,"23":0,"24":0,"25":0,"26":0,"27":0,"28":0,"29":0,"30":0,"31":0,"32":0,"33":0,"34":0,"35":0,"36":0,"37":0,"38":0,"39":0,"40":0,"41":0,"42":0,"43":0,"44":0,"45":0,"46":0,"47":0,"48":0,"49":0,"50":0,"51":0,"52":0,"53":0,"54":0,"55":0},"f":{"0":0,"1":0,"2":0,"3":0,"4":0,"5":0,"6":0,"7":0,"8":0,"9":0,"10":0,"11":0,"12":0,"13":0,"14":0},"b":{"0":[0,0],"1":[0,0],"2":[0,0],"3":[0,0],"4":[0,0],"5":[0,0],"6":[0,0],"7":[0,0],"8":[0,0],"9":[0,0,0],"10":[0,0],"11":[0,0],"12":[0,0],"13":[0,0],"14":[0,0],"15":[0,0],"16":[0,0],"17":[0,0]}}
,"/Users/olliethomas/code/CityStasher/src/stashpoints/components/StashpointsList.js": {"path":"/Users/olliethomas/code/CityStasher/src/stashpoints/components/StashpointsList.js","statementMap":{"0":{"start":{"line":1,"column":13},"end":{"line":1,"column":75}},"1":{"start":{"line":1,"column":94},"end":{"line":1,"column":623}},"2":{"start":{"line":1,"column":149},"end":{"line":1,"column":414}},"3":{"start":{"line":1,"column":206},"end":{"line":1,"column":214}},"4":{"start":{"line":1,"column":215},"end":{"line":1,"column":270}},"5":{"start":{"line":1,"column":270},"end":{"line":1,"column":301}},"6":{"start":{"line":1,"column":301},"end":{"line":1,"column":355}},"7":{"start":{"line":1,"column":328},"end":{"line":1,"column":355}},"8":{"start":{"line":1,"column":355},"end":{"line":1,"column":413}},"9":{"start":{"line":1,"column":415},"end":{"line":1,"column":620}},"10":{"start":{"line":1,"column":471},"end":{"line":1,"column":539}},"11":{"start":{"line":1,"column":487},"end":{"line":1,"column":539}},"12":{"start":{"line":1,"column":539},"end":{"line":1,"column":599}},"13":{"start":{"line":1,"column":556},"end":{"line":1,"column":599}},"14":{"start":{"line":1,"column":599},"end":{"line":1,"column":618}},"15":{"start":{"line":1,"column":637},"end":{"line":1,"column":653}},"16":{"start":{"line":1,"column":668},"end":{"line":1,"column":698}},"17":{"start":{"line":2,"column":14},"end":{"line":2,"column":31}},"18":{"start":{"line":2,"column":47},"end":{"line":2,"column":78}},"19":{"start":{"line":4,"column":26},"end":{"line":4,"column":57}},"20":{"start":{"line":4,"column":85},"end":{"line":4,"column":128}},"21":{"start":{"line":4,"column":167},"end":{"line":4,"column":221}},"22":{"start":{"line":4,"column":271},"end":{"line":4,"column":370}},"23":{"start":{"line":4,"column":312},"end":{"line":4,"column":369}},"24":{"start":{"line":4,"column":420},"end":{"line":4,"column":519}},"25":{"start":{"line":4,"column":432},"end":{"line":4,"column":518}},"26":{"start":{"line":4,"column":519},"end":{"line":4,"column":605}},"27":{"start":{"line":4,"column":648},"end":{"line":4,"column":811}},"28":{"start":{"line":4,"column":710},"end":{"line":4,"column":810}},"29":{"start":{"line":4,"column":811},"end":{"line":4,"column":975}},"30":{"start":{"line":4,"column":975},"end":{"line":4,"column":1093}},"31":{"start":{"line":4,"column":991},"end":{"line":4,"column":1093}},"32":{"start":{"line":6,"column":18},"end":{"line":35,"column":56}},"33":{"start":{"line":6,"column":41},"end":{"line":6,"column":80}},"34":{"start":{"line":6,"column":108},"end":{"line":6,"column":147}},"35":{"start":{"line":6,"column":147},"end":{"line":6,"column":281}},"36":{"start":{"line":6,"column":282},"end":{"line":35,"column":14}},"37":{"start":{"line":7,"column":22},"end":{"line":7,"column":26}},"38":{"start":{"line":8,"column":12},"end":{"line":22,"column":118}},"39":{"start":{"line":15,"column":64},"end":{"line":15,"column":108}},"40":{"start":{"line":28,"column":12},"end":{"line":30,"column":13}},"41":{"start":{"line":29,"column":16},"end":{"line":29,"column":106}},"42":{"start":{"line":32,"column":12},"end":{"line":34,"column":15}},"43":{"start":{"line":33,"column":16},"end":{"line":33,"column":119}},"44":{"start":{"line":35,"column":14},"end":{"line":35,"column":37}},"45":{"start":{"line":35,"column":57},"end":{"line":35,"column":91}}},"fnMap":{"0":{"name":"(anonymous_0)","decl":{"start":{"line":1,"column":94},"end":{"line":1,"column":95}},"loc":{"start":{"line":1,"column":106},"end":{"line":1,"column":621}},"line":1},"1":{"name":"defineProperties","decl":{"start":{"line":1,"column":116},"end":{"line":1,"column":132}},"loc":{"start":{"line":1,"column":148},"end":{"line":1,"column":415}},"line":1},"2":{"name":"(anonymous_2)","decl":{"start":{"line":1,"column":422},"end":{"line":1,"column":423}},"loc":{"start":{"line":1,"column":470},"end":{"line":1,"column":619}},"line":1},"3":{"name":"_interopRequireDefault","decl":{"start":{"line":4,"column":138},"end":{"line":4,"column":160}},"loc":{"start":{"line":4,"column":166},"end":{"line":4,"column":222}},"line":4},"4":{"name":"_classCallCheck","decl":{"start":{"line":4,"column":231},"end":{"line":4,"column":246}},"loc":{"start":{"line":4,"column":270},"end":{"line":4,"column":371}},"line":4},"5":{"name":"_possibleConstructorReturn","decl":{"start":{"line":4,"column":380},"end":{"line":4,"column":406}},"loc":{"start":{"line":4,"column":419},"end":{"line":4,"column":606}},"line":4},"6":{"name":"_inherits","decl":{"start":{"line":4,"column":615},"end":{"line":4,"column":624}},"loc":{"start":{"line":4,"column":647},"end":{"line":4,"column":1094}},"line":4},"7":{"name":"(anonymous_7)","decl":{"start":{"line":6,"column":18},"end":{"line":6,"column":19}},"loc":{"start":{"line":6,"column":40},"end":{"line":35,"column":38}},"line":6},"8":{"name":"StashpointsList","decl":{"start":{"line":6,"column":89},"end":{"line":6,"column":104}},"loc":{"start":{"line":6,"column":107},"end":{"line":6,"column":282}},"line":6},"9":{"name":"render","decl":{"start":{"line":6,"column":346},"end":{"line":6,"column":352}},"loc":{"start":{"line":7,"column":8},"end":{"line":25,"column":9}},"line":7},"10":{"name":"onChange","decl":{"start":{"line":15,"column":47},"end":{"line":15,"column":55}},"loc":{"start":{"line":15,"column":63},"end":{"line":15,"column":109}},"line":15},"11":{"name":"renderStashpoints","decl":{"start":{"line":25,"column":57},"end":{"line":25,"column":74}},"loc":{"start":{"line":27,"column":8},"end":{"line":35,"column":9}},"line":27},"12":{"name":"(anonymous_12)","decl":{"start":{"line":32,"column":64},"end":{"line":32,"column":65}},"loc":{"start":{"line":32,"column":89},"end":{"line":34,"column":13}},"line":32}},"branchMap":{"0":{"loc":{"start":{"line":1,"column":239},"end":{"line":1,"column":269}},"type":"binary-expr","locations":[{"start":{"line":1,"column":239},"end":{"line":1,"column":260}},{"start":{"line":1,"column":264},"end":{"line":1,"column":269}}],"line":1},"1":{"loc":{"start":{"line":1,"column":301},"end":{"line":1,"column":355}},"type":"if","locations":[{"start":{"line":1,"column":301},"end":{"line":1,"column":355}},{"start":{"line":1,"column":301},"end":{"line":1,"column":355}}],"line":1},"2":{"loc":{"start":{"line":1,"column":471},"end":{"line":1,"column":539}},"type":"if","locations":[{"start":{"line":1,"column":471},"end":{"line":1,"column":539}},{"start":{"line":1,"column":471},"end":{"line":1,"column":539}}],"line":1},"3":{"loc":{"start":{"line":1,"column":539},"end":{"line":1,"column":599}},"type":"if","locations":[{"start":{"line":1,"column":539},"end":{"line":1,"column":599}},{"start":{"line":1,"column":539},"end":{"line":1,"column":599}}],"line":1},"4":{"loc":{"start":{"line":4,"column":174},"end":{"line":4,"column":220}},"type":"cond-expr","locations":[{"start":{"line":4,"column":198},"end":{"line":4,"column":201}},{"start":{"line":4,"column":204},"end":{"line":4,"column":220}}],"line":4},"5":{"loc":{"start":{"line":4,"column":174},"end":{"line":4,"column":195}},"type":"binary-expr","locations":[{"start":{"line":4,"column":174},"end":{"line":4,"column":177}},{"start":{"line":4,"column":181},"end":{"line":4,"column":195}}],"line":4},"6":{"loc":{"start":{"line":4,"column":271},"end":{"line":4,"column":370}},"type":"if","locations":[{"start":{"line":4,"column":271},"end":{"line":4,"column":370}},{"start":{"line":4,"column":271},"end":{"line":4,"column":370}}],"line":4},"7":{"loc":{"start":{"line":4,"column":420},"end":{"line":4,"column":519}},"type":"if","locations":[{"start":{"line":4,"column":420},"end":{"line":4,"column":519}},{"start":{"line":4,"column":420},"end":{"line":4,"column":519}}],"line":4},"8":{"loc":{"start":{"line":4,"column":526},"end":{"line":4,"column":604}},"type":"cond-expr","locations":[{"start":{"line":4,"column":593},"end":{"line":4,"column":597}},{"start":{"line":4,"column":600},"end":{"line":4,"column":604}}],"line":4},"9":{"loc":{"start":{"line":4,"column":526},"end":{"line":4,"column":590}},"type":"binary-expr","locations":[{"start":{"line":4,"column":526},"end":{"line":4,"column":530}},{"start":{"line":4,"column":535},"end":{"line":4,"column":559}},{"start":{"line":4,"column":563},"end":{"line":4,"column":589}}],"line":4},"10":{"loc":{"start":{"line":4,"column":648},"end":{"line":4,"column":811}},"type":"if","locations":[{"start":{"line":4,"column":648},"end":{"line":4,"column":811}},{"start":{"line":4,"column":648},"end":{"line":4,"column":811}}],"line":4},"11":{"loc":{"start":{"line":4,"column":652},"end":{"line":4,"column":707}},"type":"binary-expr","locations":[{"start":{"line":4,"column":652},"end":{"line":4,"column":684}},{"start":{"line":4,"column":688},"end":{"line":4,"column":707}}],"line":4},"12":{"loc":{"start":{"line":4,"column":846},"end":{"line":4,"column":880}},"type":"binary-expr","locations":[{"start":{"line":4,"column":846},"end":{"line":4,"column":856}},{"start":{"line":4,"column":860},"end":{"line":4,"column":880}}],"line":4},"13":{"loc":{"start":{"line":4,"column":975},"end":{"line":4,"column":1093}},"type":"if","locations":[{"start":{"line":4,"column":975},"end":{"line":4,"column":1093}},{"start":{"line":4,"column":975},"end":{"line":4,"column":1093}}],"line":4},"14":{"loc":{"start":{"line":4,"column":991},"end":{"line":4,"column":1092}},"type":"cond-expr","locations":[{"start":{"line":4,"column":1015},"end":{"line":4,"column":1058}},{"start":{"line":4,"column":1061},"end":{"line":4,"column":1092}}],"line":4},"15":{"loc":{"start":{"line":6,"column":188},"end":{"line":6,"column":255}},"type":"binary-expr","locations":[{"start":{"line":6,"column":188},"end":{"line":6,"column":213}},{"start":{"line":6,"column":217},"end":{"line":6,"column":255}}],"line":6},"16":{"loc":{"start":{"line":28,"column":12},"end":{"line":30,"column":13}},"type":"if","locations":[{"start":{"line":28,"column":12},"end":{"line":30,"column":13}},{"start":{"line":28,"column":12},"end":{"line":30,"column":13}}],"line":28}},"s":{"0":0,"1":0,"2":0,"3":0,"4":0,"5":0,"6":0,"7":0,"8":0,"9":0,"10":0,"11":0,"12":0,"13":0,"14":0,"15":0,"16":0,"17":0,"18":0,"19":0,"20":0,"21":0,"22":0,"23":0,"24":0,"25":0,"26":0,"27":0,"28":0,"29":0,"30":0,"31":0,"32":0,"33":0,"34":0,"35":0,"36":0,"37":0,"38":0,"39":0,"40":0,"41":0,"42":0,"43":0,"44":0,"45":0},"f":{"0":0,"1":0,"2":0,"3":0,"4":0,"5":0,"6":0,"7":0,"8":0,"9":0,"10":0,"11":0,"12":0},"b":{"0":[0,0],"1":[0,0],"2":[0,0],"3":[0,0],"4":[0,0],"5":[0,0],"6":[0,0],"7":[0,0],"8":[0,0],"9":[0,0,0],"10":[0,0],"11":[0,0],"12":[0,0],"13":[0,0],"14":[0,0],"15":[0,0],"16":[0,0]}}
,"/Users/olliethomas/code/CityStasher/src/stashpoints/components/StashpointsMap.js": {"path":"/Users/olliethomas/code/CityStasher/src/stashpoints/components/StashpointsMap.js","statementMap":{"0":{"start":{"line":1,"column":13},"end":{"line":1,"column":75}},"1":{"start":{"line":1,"column":75},"end":{"line":1,"column":110}},"2":{"start":{"line":1,"column":123},"end":{"line":1,"column":139}},"3":{"start":{"line":1,"column":154},"end":{"line":1,"column":184}},"4":{"start":{"line":2,"column":17},"end":{"line":2,"column":37}},"5":{"start":{"line":3,"column":14},"end":{"line":3,"column":31}},"6":{"start":{"line":3,"column":47},"end":{"line":3,"column":78}},"7":{"start":{"line":4,"column":23},"end":{"line":4,"column":51}},"8":{"start":{"line":4,"column":90},"end":{"line":4,"column":144}},"9":{"start":{"line":11,"column":21},"end":{"line":27,"column":19}},"10":{"start":{"line":21,"column":18},"end":{"line":27,"column":17}},"11":{"start":{"line":26,"column":16},"end":{"line":26,"column":240}},"12":{"start":{"line":26,"column":122},"end":{"line":26,"column":168}}},"fnMap":{"0":{"name":"_interopRequireDefault","decl":{"start":{"line":4,"column":61},"end":{"line":4,"column":83}},"loc":{"start":{"line":4,"column":89},"end":{"line":4,"column":145}},"line":4},"1":{"name":"(anonymous_1)","decl":{"start":{"line":21,"column":0},"end":{"line":21,"column":1}},"loc":{"start":{"line":21,"column":17},"end":{"line":27,"column":18}},"line":21},"2":{"name":"(anonymous_2)","decl":{"start":{"line":25,"column":52},"end":{"line":25,"column":53}},"loc":{"start":{"line":25,"column":77},"end":{"line":27,"column":13}},"line":25},"3":{"name":"onClick","decl":{"start":{"line":26,"column":106},"end":{"line":26,"column":113}},"loc":{"start":{"line":26,"column":121},"end":{"line":26,"column":169}},"line":26}},"branchMap":{"0":{"loc":{"start":{"line":4,"column":97},"end":{"line":4,"column":143}},"type":"cond-expr","locations":[{"start":{"line":4,"column":121},"end":{"line":4,"column":124}},{"start":{"line":4,"column":127},"end":{"line":4,"column":143}}],"line":4},"1":{"loc":{"start":{"line":4,"column":97},"end":{"line":4,"column":118}},"type":"binary-expr","locations":[{"start":{"line":4,"column":97},"end":{"line":4,"column":100}},{"start":{"line":4,"column":104},"end":{"line":4,"column":118}}],"line":4}},"s":{"0":0,"1":0,"2":0,"3":0,"4":0,"5":0,"6":0,"7":0,"8":0,"9":0,"10":0,"11":0,"12":0},"f":{"0":0,"1":0,"2":0,"3":0},"b":{"0":[0,0],"1":[0,0]}}
,"/Users/olliethomas/code/CityStasher/src/stashpoints/reducers/index.js": {"path":"/Users/olliethomas/code/CityStasher/src/stashpoints/reducers/index.js","statementMap":{"0":{"start":{"line":1,"column":13},"end":{"line":1,"column":75}},"1":{"start":{"line":1,"column":90},"end":{"line":1,"column":321}},"2":{"start":{"line":1,"column":126},"end":{"line":1,"column":306}},"3":{"start":{"line":1,"column":183},"end":{"line":1,"column":195}},"4":{"start":{"line":1,"column":196},"end":{"line":1,"column":305}},"5":{"start":{"line":1,"column":221},"end":{"line":1,"column":304}},"6":{"start":{"line":1,"column":277},"end":{"line":1,"column":303}},"7":{"start":{"line":1,"column":306},"end":{"line":1,"column":320}},"8":{"start":{"line":1,"column":335},"end":{"line":1,"column":354}},"9":{"start":{"line":3,"column":18},"end":{"line":17,"column":1}},"10":{"start":{"line":4,"column":4},"end":{"line":15,"column":40}},"11":{"start":{"line":6,"column":12},"end":{"line":11,"column":20}},"12":{"start":{"line":9,"column":16},"end":{"line":9,"column":48}},"13":{"start":{"line":10,"column":16},"end":{"line":10,"column":27}},"14":{"start":{"line":15,"column":12},"end":{"line":15,"column":39}},"15":{"start":{"line":19,"column":26},"end":{"line":28,"column":1}},"16":{"start":{"line":20,"column":4},"end":{"line":26,"column":40}},"17":{"start":{"line":22,"column":12},"end":{"line":23,"column":80}},"18":{"start":{"line":26,"column":12},"end":{"line":26,"column":39}},"19":{"start":{"line":30,"column":24},"end":{"line":36,"column":1}},"20":{"start":{"line":31,"column":4},"end":{"line":35,"column":7}},"21":{"start":{"line":32,"column":8},"end":{"line":34,"column":9}},"22":{"start":{"line":33,"column":12},"end":{"line":33,"column":30}},"23":{"start":{"line":36,"column":2},"end":{"line":40,"column":47}}},"fnMap":{"0":{"name":"(anonymous_0)","decl":{"start":{"line":1,"column":107},"end":{"line":1,"column":108}},"loc":{"start":{"line":1,"column":125},"end":{"line":1,"column":321}},"line":1},"1":{"name":"stashpoints","decl":{"start":{"line":3,"column":27},"end":{"line":3,"column":38}},"loc":{"start":{"line":3,"column":54},"end":{"line":17,"column":1}},"line":3},"2":{"name":"(anonymous_2)","decl":{"start":{"line":8,"column":39},"end":{"line":8,"column":40}},"loc":{"start":{"line":8,"column":66},"end":{"line":11,"column":13}},"line":8},"3":{"name":"filteredStashpoints","decl":{"start":{"line":19,"column":35},"end":{"line":19,"column":54}},"loc":{"start":{"line":19,"column":70},"end":{"line":28,"column":1}},"line":19},"4":{"name":"filterStashpoints","decl":{"start":{"line":30,"column":33},"end":{"line":30,"column":50}},"loc":{"start":{"line":30,"column":72},"end":{"line":36,"column":1}},"line":30},"5":{"name":"(anonymous_5)","decl":{"start":{"line":31,"column":33},"end":{"line":31,"column":34}},"loc":{"start":{"line":31,"column":55},"end":{"line":35,"column":5}},"line":31}},"branchMap":{"0":{"loc":{"start":{"line":1,"column":90},"end":{"line":1,"column":321}},"type":"binary-expr","locations":[{"start":{"line":1,"column":90},"end":{"line":1,"column":103}},{"start":{"line":1,"column":107},"end":{"line":1,"column":321}}],"line":1},"1":{"loc":{"start":{"line":1,"column":221},"end":{"line":1,"column":304}},"type":"if","locations":[{"start":{"line":1,"column":221},"end":{"line":1,"column":304}},{"start":{"line":1,"column":221},"end":{"line":1,"column":304}}],"line":1},"2":{"loc":{"start":{"line":4,"column":4},"end":{"line":15,"column":40}},"type":"switch","locations":[{"start":{"line":5,"column":8},"end":{"line":11,"column":20}},{"start":{"line":14,"column":8},"end":{"line":15,"column":39}}],"line":4},"3":{"loc":{"start":{"line":20,"column":4},"end":{"line":26,"column":40}},"type":"switch","locations":[{"start":{"line":21,"column":8},"end":{"line":23,"column":80}},{"start":{"line":25,"column":8},"end":{"line":26,"column":39}}],"line":20},"4":{"loc":{"start":{"line":32,"column":8},"end":{"line":34,"column":9}},"type":"if","locations":[{"start":{"line":32,"column":8},"end":{"line":34,"column":9}},{"start":{"line":32,"column":8},"end":{"line":34,"column":9}}],"line":32}},"s":{"0":0,"1":0,"2":0,"3":0,"4":0,"5":0,"6":0,"7":0,"8":0,"9":0,"10":0,"11":0,"12":0,"13":0,"14":0,"15":0,"16":0,"17":0,"18":0,"19":0,"20":0,"21":0,"22":0,"23":0},"f":{"0":0,"1":0,"2":0,"3":0,"4":0,"5":0},"b":{"0":[0,0],"1":[0,0],"2":[0,0],"3":[0,0],"4":[0,0]}}
}
